[2024-01-15 09:20:28 [32mINFO [0;39m restartedMain] [com.green.gogiro.GogiroApplication] [36mStarting GogiroApplication using Java 17.0.8.1 with PID 2748 (D:\2023-second\java\gogiro\target\classes started by Administrator in D:\2023-second\java\gogiro)[0;39m
[2024-01-15 09:20:28 [32mINFO [0;39m restartedMain] [com.green.gogiro.GogiroApplication] [36mNo active profile set, falling back to 1 default profile: "default"[0;39m
[2024-01-15 09:20:28 [32mINFO [0;39m restartedMain] [org.springframework.boot.devtools.env.DevToolsPropertyDefaultsPostProcessor] [36mDevtools property defaults active! Set 'spring.devtools.add-properties' to 'false' to disable[0;39m
[2024-01-15 09:20:28 [32mINFO [0;39m restartedMain] [org.springframework.boot.devtools.env.DevToolsPropertyDefaultsPostProcessor] [36mFor additional web related logging consider setting the 'logging.level.web' property to 'DEBUG'[0;39m
[2024-01-15 09:20:29 [32mINFO [0;39m restartedMain] [org.springframework.boot.web.embedded.tomcat.TomcatWebServer] [36mTomcat initialized with port 8080 (http)[0;39m
[2024-01-15 09:20:29 [32mINFO [0;39m restartedMain] [org.apache.coyote.http11.Http11NioProtocol] [36mInitializing ProtocolHandler ["http-nio-8080"][0;39m
[2024-01-15 09:20:29 [32mINFO [0;39m restartedMain] [org.apache.catalina.core.StandardService] [36mStarting service [Tomcat][0;39m
[2024-01-15 09:20:29 [32mINFO [0;39m restartedMain] [org.apache.catalina.core.StandardEngine] [36mStarting Servlet engine: [Apache Tomcat/10.1.17][0;39m
[2024-01-15 09:20:29 [32mINFO [0;39m restartedMain] [org.apache.catalina.core.ContainerBase.[Tomcat].[localhost].[/]] [36mInitializing Spring embedded WebApplicationContext[0;39m
[2024-01-15 09:20:29 [32mINFO [0;39m restartedMain] [org.springframework.boot.web.servlet.context.ServletWebServerApplicationContext] [36mRoot WebApplicationContext: initialization completed in 870 ms[0;39m
[2024-01-15 09:20:30 [32mINFO [0;39m restartedMain] [org.springframework.boot.devtools.autoconfigure.OptionalLiveReloadServer] [36mLiveReload server is running on port 35729[0;39m
[2024-01-15 09:20:30 [32mINFO [0;39m restartedMain] [org.apache.coyote.http11.Http11NioProtocol] [36mStarting ProtocolHandler ["http-nio-8080"][0;39m
[2024-01-15 09:20:30 [32mINFO [0;39m restartedMain] [org.springframework.boot.web.embedded.tomcat.TomcatWebServer] [36mTomcat started on port 8080 (http) with context path ''[0;39m
[2024-01-15 09:20:30 [32mINFO [0;39m restartedMain] [com.green.gogiro.GogiroApplication] [36mStarted GogiroApplication in 1.874 seconds (process running for 2.403)[0;39m
[2024-01-15 09:20:34 [32mINFO [0;39m http-nio-8080-exec-1] [org.apache.catalina.core.ContainerBase.[Tomcat].[localhost].[/]] [36mInitializing Spring DispatcherServlet 'dispatcherServlet'[0;39m
[2024-01-15 09:20:34 [32mINFO [0;39m http-nio-8080-exec-1] [org.springframework.web.servlet.DispatcherServlet] [36mInitializing Servlet 'dispatcherServlet'[0;39m
[2024-01-15 09:20:34 [32mINFO [0;39m http-nio-8080-exec-1] [org.springframework.web.servlet.DispatcherServlet] [36mCompleted initialization in 1 ms[0;39m
[2024-01-15 09:20:38 [32mINFO [0;39m http-nio-8080-exec-4] [org.springdoc.api.AbstractOpenApiResource] [36mInit duration for springdoc-openapi is: 211 ms[0;39m
[2024-01-15 09:20:47 [32mINFO [0;39m http-nio-8080-exec-6] [com.zaxxer.hikari.HikariDataSource] [36mHikariPool-1 - Starting...[0;39m
[2024-01-15 09:20:47 [32mINFO [0;39m http-nio-8080-exec-6] [com.zaxxer.hikari.pool.HikariPool] [36mHikariPool-1 - Added connection org.mariadb.jdbc.Connection@3681ed15[0;39m
[2024-01-15 09:20:47 [32mINFO [0;39m http-nio-8080-exec-6] [com.zaxxer.hikari.HikariDataSource] [36mHikariPool-1 - Start completed.[0;39m
[2024-01-15 09:22:14 [32mINFO [0;39m File Watcher] [org.springframework.boot.devtools.autoconfigure.LocalDevToolsAutoConfiguration$RestartingClassPathChangeChangedEventListener] [36mRestarting due to 1 class path change (0 additions, 0 deletions, 1 modification)[0;39m
[2024-01-15 09:22:14 [32mINFO [0;39m Thread-5] [org.apache.coyote.http11.Http11NioProtocol] [36mStopping ProtocolHandler ["http-nio-8080"][0;39m
[2024-01-15 09:22:14 [32mINFO [0;39m Thread-5] [com.zaxxer.hikari.HikariDataSource] [36mHikariPool-1 - Shutdown initiated...[0;39m
[2024-01-15 09:22:14 [32mINFO [0;39m Thread-5] [com.zaxxer.hikari.HikariDataSource] [36mHikariPool-1 - Shutdown completed.[0;39m
[2024-01-15 09:22:14 [32mINFO [0;39m restartedMain] [com.green.gogiro.GogiroApplication] [36mStarting GogiroApplication using Java 17.0.8.1 with PID 2748 (D:\2023-second\java\gogiro\target\classes started by Administrator in D:\2023-second\java\gogiro)[0;39m
[2024-01-15 09:22:14 [32mINFO [0;39m restartedMain] [com.green.gogiro.GogiroApplication] [36mNo active profile set, falling back to 1 default profile: "default"[0;39m
[2024-01-15 09:22:14 [32mINFO [0;39m restartedMain] [org.springframework.boot.web.embedded.tomcat.TomcatWebServer] [36mTomcat initialized with port 8080 (http)[0;39m
[2024-01-15 09:22:14 [32mINFO [0;39m restartedMain] [org.apache.coyote.http11.Http11NioProtocol] [36mInitializing ProtocolHandler ["http-nio-8080"][0;39m
[2024-01-15 09:22:14 [32mINFO [0;39m restartedMain] [org.apache.catalina.core.StandardService] [36mStarting service [Tomcat][0;39m
[2024-01-15 09:22:14 [32mINFO [0;39m restartedMain] [org.apache.catalina.core.StandardEngine] [36mStarting Servlet engine: [Apache Tomcat/10.1.17][0;39m
[2024-01-15 09:22:14 [32mINFO [0;39m restartedMain] [org.apache.catalina.core.ContainerBase.[Tomcat].[localhost].[/]] [36mInitializing Spring embedded WebApplicationContext[0;39m
[2024-01-15 09:22:14 [32mINFO [0;39m restartedMain] [org.springframework.boot.web.servlet.context.ServletWebServerApplicationContext] [36mRoot WebApplicationContext: initialization completed in 175 ms[0;39m
[2024-01-15 09:22:14 [32mINFO [0;39m restartedMain] [org.springframework.boot.devtools.autoconfigure.OptionalLiveReloadServer] [36mLiveReload server is running on port 35729[0;39m
[2024-01-15 09:22:14 [32mINFO [0;39m restartedMain] [org.apache.coyote.http11.Http11NioProtocol] [36mStarting ProtocolHandler ["http-nio-8080"][0;39m
[2024-01-15 09:22:14 [32mINFO [0;39m restartedMain] [org.springframework.boot.web.embedded.tomcat.TomcatWebServer] [36mTomcat started on port 8080 (http) with context path ''[0;39m
[2024-01-15 09:22:14 [32mINFO [0;39m restartedMain] [com.green.gogiro.GogiroApplication] [36mStarted GogiroApplication in 0.335 seconds (process running for 106.452)[0;39m
[2024-01-15 09:22:14 [32mINFO [0;39m restartedMain] [org.springframework.boot.devtools.autoconfigure.ConditionEvaluationDeltaLoggingListener] [36mCondition evaluation unchanged[0;39m
[2024-01-15 09:22:35 [32mINFO [0;39m File Watcher] [org.springframework.boot.devtools.autoconfigure.LocalDevToolsAutoConfiguration$RestartingClassPathChangeChangedEventListener] [36mRestarting due to 1 class path change (0 additions, 0 deletions, 1 modification)[0;39m
[2024-01-15 09:22:35 [32mINFO [0;39m Thread-7] [org.apache.coyote.http11.Http11NioProtocol] [36mStopping ProtocolHandler ["http-nio-8080"][0;39m
[2024-01-15 09:22:35 [32mINFO [0;39m restartedMain] [com.green.gogiro.GogiroApplication] [36mStarting GogiroApplication using Java 17.0.8.1 with PID 2748 (D:\2023-second\java\gogiro\target\classes started by Administrator in D:\2023-second\java\gogiro)[0;39m
[2024-01-15 09:22:35 [32mINFO [0;39m restartedMain] [com.green.gogiro.GogiroApplication] [36mNo active profile set, falling back to 1 default profile: "default"[0;39m
[2024-01-15 09:22:35 [32mINFO [0;39m restartedMain] [org.springframework.boot.web.embedded.tomcat.TomcatWebServer] [36mTomcat initialized with port 8080 (http)[0;39m
[2024-01-15 09:22:35 [32mINFO [0;39m restartedMain] [org.apache.coyote.http11.Http11NioProtocol] [36mInitializing ProtocolHandler ["http-nio-8080"][0;39m
[2024-01-15 09:22:35 [32mINFO [0;39m restartedMain] [org.apache.catalina.core.StandardService] [36mStarting service [Tomcat][0;39m
[2024-01-15 09:22:35 [32mINFO [0;39m restartedMain] [org.apache.catalina.core.StandardEngine] [36mStarting Servlet engine: [Apache Tomcat/10.1.17][0;39m
[2024-01-15 09:22:35 [32mINFO [0;39m restartedMain] [org.apache.catalina.core.ContainerBase.[Tomcat].[localhost].[/]] [36mInitializing Spring embedded WebApplicationContext[0;39m
[2024-01-15 09:22:35 [32mINFO [0;39m restartedMain] [org.springframework.boot.web.servlet.context.ServletWebServerApplicationContext] [36mRoot WebApplicationContext: initialization completed in 154 ms[0;39m
[2024-01-15 09:22:35 [32mINFO [0;39m restartedMain] [org.springframework.boot.devtools.autoconfigure.OptionalLiveReloadServer] [36mLiveReload server is running on port 35729[0;39m
[2024-01-15 09:22:35 [32mINFO [0;39m restartedMain] [org.apache.coyote.http11.Http11NioProtocol] [36mStarting ProtocolHandler ["http-nio-8080"][0;39m
[2024-01-15 09:22:35 [32mINFO [0;39m restartedMain] [org.springframework.boot.web.embedded.tomcat.TomcatWebServer] [36mTomcat started on port 8080 (http) with context path ''[0;39m
[2024-01-15 09:22:35 [32mINFO [0;39m restartedMain] [com.green.gogiro.GogiroApplication] [36mStarted GogiroApplication in 0.304 seconds (process running for 127.672)[0;39m
[2024-01-15 09:22:35 [32mINFO [0;39m restartedMain] [org.springframework.boot.devtools.autoconfigure.ConditionEvaluationDeltaLoggingListener] [36mCondition evaluation unchanged[0;39m
[2024-01-15 09:23:15 [32mINFO [0;39m File Watcher] [org.springframework.boot.devtools.autoconfigure.LocalDevToolsAutoConfiguration$RestartingClassPathChangeChangedEventListener] [36mRestarting due to 3 class path changes (0 additions, 0 deletions, 3 modifications)[0;39m
[2024-01-15 09:23:15 [32mINFO [0;39m Thread-11] [org.apache.coyote.http11.Http11NioProtocol] [36mStopping ProtocolHandler ["http-nio-8080"][0;39m
[2024-01-15 09:23:15 [32mINFO [0;39m restartedMain] [com.green.gogiro.GogiroApplication] [36mStarting GogiroApplication using Java 17.0.8.1 with PID 2748 (D:\2023-second\java\gogiro\target\classes started by Administrator in D:\2023-second\java\gogiro)[0;39m
[2024-01-15 09:23:15 [32mINFO [0;39m restartedMain] [com.green.gogiro.GogiroApplication] [36mNo active profile set, falling back to 1 default profile: "default"[0;39m
[2024-01-15 09:23:15 [32mINFO [0;39m restartedMain] [org.springframework.boot.web.embedded.tomcat.TomcatWebServer] [36mTomcat initialized with port 8080 (http)[0;39m
[2024-01-15 09:23:15 [32mINFO [0;39m restartedMain] [org.apache.coyote.http11.Http11NioProtocol] [36mInitializing ProtocolHandler ["http-nio-8080"][0;39m
[2024-01-15 09:23:15 [32mINFO [0;39m restartedMain] [org.apache.catalina.core.StandardService] [36mStarting service [Tomcat][0;39m
[2024-01-15 09:23:15 [32mINFO [0;39m restartedMain] [org.apache.catalina.core.StandardEngine] [36mStarting Servlet engine: [Apache Tomcat/10.1.17][0;39m
[2024-01-15 09:23:15 [32mINFO [0;39m restartedMain] [org.apache.catalina.core.ContainerBase.[Tomcat].[localhost].[/]] [36mInitializing Spring embedded WebApplicationContext[0;39m
[2024-01-15 09:23:15 [32mINFO [0;39m restartedMain] [org.springframework.boot.web.servlet.context.ServletWebServerApplicationContext] [36mRoot WebApplicationContext: initialization completed in 151 ms[0;39m
[2024-01-15 09:23:15 [32mINFO [0;39m restartedMain] [org.springframework.boot.devtools.autoconfigure.OptionalLiveReloadServer] [36mLiveReload server is running on port 35729[0;39m
[2024-01-15 09:23:15 [32mINFO [0;39m restartedMain] [org.apache.coyote.http11.Http11NioProtocol] [36mStarting ProtocolHandler ["http-nio-8080"][0;39m
[2024-01-15 09:23:15 [32mINFO [0;39m restartedMain] [org.springframework.boot.web.embedded.tomcat.TomcatWebServer] [36mTomcat started on port 8080 (http) with context path ''[0;39m
[2024-01-15 09:23:15 [32mINFO [0;39m restartedMain] [com.green.gogiro.GogiroApplication] [36mStarted GogiroApplication in 0.298 seconds (process running for 168.016)[0;39m
[2024-01-15 09:23:15 [32mINFO [0;39m restartedMain] [org.springframework.boot.devtools.autoconfigure.ConditionEvaluationDeltaLoggingListener] [36mCondition evaluation unchanged[0;39m
[2024-01-15 16:41:58 [32mINFO [0;39m restartedMain] [com.green.gogiro.GogiroApplication] [36mStarting GogiroApplication using Java 21.0.1 with PID 6696 (D:\java\gogiro\target\classes started by Administrator in D:\java\gogiro)[0;39m
[2024-01-15 16:41:58 [32mINFO [0;39m restartedMain] [com.green.gogiro.GogiroApplication] [36mNo active profile set, falling back to 1 default profile: "default"[0;39m
[2024-01-15 16:41:58 [32mINFO [0;39m restartedMain] [org.springframework.boot.devtools.env.DevToolsPropertyDefaultsPostProcessor] [36mDevtools property defaults active! Set 'spring.devtools.add-properties' to 'false' to disable[0;39m
[2024-01-15 16:41:58 [32mINFO [0;39m restartedMain] [org.springframework.boot.devtools.env.DevToolsPropertyDefaultsPostProcessor] [36mFor additional web related logging consider setting the 'logging.level.web' property to 'DEBUG'[0;39m
[2024-01-15 16:41:58 [32mINFO [0;39m restartedMain] [org.springframework.boot.web.embedded.tomcat.TomcatWebServer] [36mTomcat initialized with port 8080 (http)[0;39m
[2024-01-15 16:41:58 [32mINFO [0;39m restartedMain] [org.apache.coyote.http11.Http11NioProtocol] [36mInitializing ProtocolHandler ["http-nio-8080"][0;39m
[2024-01-15 16:41:58 [32mINFO [0;39m restartedMain] [org.apache.catalina.core.StandardService] [36mStarting service [Tomcat][0;39m
[2024-01-15 16:41:58 [32mINFO [0;39m restartedMain] [org.apache.catalina.core.StandardEngine] [36mStarting Servlet engine: [Apache Tomcat/10.1.17][0;39m
[2024-01-15 16:41:59 [32mINFO [0;39m restartedMain] [org.apache.catalina.core.ContainerBase.[Tomcat].[localhost].[/]] [36mInitializing Spring embedded WebApplicationContext[0;39m
[2024-01-15 16:41:59 [32mINFO [0;39m restartedMain] [org.springframework.boot.web.servlet.context.ServletWebServerApplicationContext] [36mRoot WebApplicationContext: initialization completed in 707 ms[0;39m
[2024-01-15 16:41:59 [32mINFO [0;39m restartedMain] [org.springframework.boot.devtools.autoconfigure.OptionalLiveReloadServer] [36mLiveReload server is running on port 35729[0;39m
[2024-01-15 16:41:59 [32mINFO [0;39m restartedMain] [org.apache.coyote.http11.Http11NioProtocol] [36mStarting ProtocolHandler ["http-nio-8080"][0;39m
[2024-01-15 16:41:59 [32mINFO [0;39m restartedMain] [org.springframework.boot.web.embedded.tomcat.TomcatWebServer] [36mTomcat started on port 8080 (http) with context path ''[0;39m
[2024-01-15 16:41:59 [32mINFO [0;39m restartedMain] [com.green.gogiro.GogiroApplication] [36mStarted GogiroApplication in 1.555 seconds (process running for 1.951)[0;39m
[2024-01-15 16:42:27 [32mINFO [0;39m http-nio-8080-exec-1] [org.apache.catalina.core.ContainerBase.[Tomcat].[localhost].[/]] [36mInitializing Spring DispatcherServlet 'dispatcherServlet'[0;39m
[2024-01-15 16:42:27 [32mINFO [0;39m http-nio-8080-exec-1] [org.springframework.web.servlet.DispatcherServlet] [36mInitializing Servlet 'dispatcherServlet'[0;39m
[2024-01-15 16:42:27 [32mINFO [0;39m http-nio-8080-exec-1] [org.springframework.web.servlet.DispatcherServlet] [36mCompleted initialization in 1 ms[0;39m
[2024-01-15 16:42:27 [32mINFO [0;39m http-nio-8080-exec-8] [org.springdoc.api.AbstractOpenApiResource] [36mInit duration for springdoc-openapi is: 214 ms[0;39m
[2024-01-15 16:43:19 [32mINFO [0;39m File Watcher] [org.springframework.boot.devtools.autoconfigure.LocalDevToolsAutoConfiguration$RestartingClassPathChangeChangedEventListener] [36mRestarting due to 1 class path change (0 additions, 0 deletions, 1 modification)[0;39m
[2024-01-15 16:43:19 [32mINFO [0;39m Thread-5] [org.apache.coyote.http11.Http11NioProtocol] [36mStopping ProtocolHandler ["http-nio-8080"][0;39m
[2024-01-15 16:43:20 [32mINFO [0;39m restartedMain] [com.green.gogiro.GogiroApplication] [36mStarting GogiroApplication using Java 21.0.1 with PID 6696 (D:\java\gogiro\target\classes started by Administrator in D:\java\gogiro)[0;39m
[2024-01-15 16:43:20 [32mINFO [0;39m restartedMain] [com.green.gogiro.GogiroApplication] [36mNo active profile set, falling back to 1 default profile: "default"[0;39m
[2024-01-15 16:43:20 [32mINFO [0;39m restartedMain] [org.springframework.boot.web.embedded.tomcat.TomcatWebServer] [36mTomcat initialized with port 8080 (http)[0;39m
[2024-01-15 16:43:20 [32mINFO [0;39m restartedMain] [org.apache.coyote.http11.Http11NioProtocol] [36mInitializing ProtocolHandler ["http-nio-8080"][0;39m
[2024-01-15 16:43:20 [32mINFO [0;39m restartedMain] [org.apache.catalina.core.StandardService] [36mStarting service [Tomcat][0;39m
[2024-01-15 16:43:20 [32mINFO [0;39m restartedMain] [org.apache.catalina.core.StandardEngine] [36mStarting Servlet engine: [Apache Tomcat/10.1.17][0;39m
[2024-01-15 16:43:20 [32mINFO [0;39m restartedMain] [org.apache.catalina.core.ContainerBase.[Tomcat].[localhost].[/]] [36mInitializing Spring embedded WebApplicationContext[0;39m
[2024-01-15 16:43:20 [32mINFO [0;39m restartedMain] [org.springframework.boot.web.servlet.context.ServletWebServerApplicationContext] [36mRoot WebApplicationContext: initialization completed in 170 ms[0;39m
[2024-01-15 16:43:20 [32mINFO [0;39m restartedMain] [org.springframework.boot.devtools.autoconfigure.OptionalLiveReloadServer] [36mLiveReload server is running on port 35729[0;39m
[2024-01-15 16:43:20 [32mINFO [0;39m restartedMain] [org.apache.coyote.http11.Http11NioProtocol] [36mStarting ProtocolHandler ["http-nio-8080"][0;39m
[2024-01-15 16:43:20 [32mINFO [0;39m restartedMain] [org.springframework.boot.web.embedded.tomcat.TomcatWebServer] [36mTomcat started on port 8080 (http) with context path ''[0;39m
[2024-01-15 16:43:20 [32mINFO [0;39m restartedMain] [com.green.gogiro.GogiroApplication] [36mStarted GogiroApplication in 0.331 seconds (process running for 82.762)[0;39m
[2024-01-15 16:43:20 [32mINFO [0;39m restartedMain] [org.springframework.boot.devtools.autoconfigure.ConditionEvaluationDeltaLoggingListener] [36mCondition evaluation unchanged[0;39m
[2024-01-15 16:43:21 [32mINFO [0;39m http-nio-8080-exec-1] [org.apache.catalina.core.ContainerBase.[Tomcat].[localhost].[/]] [36mInitializing Spring DispatcherServlet 'dispatcherServlet'[0;39m
[2024-01-15 16:43:21 [32mINFO [0;39m http-nio-8080-exec-1] [org.springframework.web.servlet.DispatcherServlet] [36mInitializing Servlet 'dispatcherServlet'[0;39m
[2024-01-15 16:43:21 [32mINFO [0;39m http-nio-8080-exec-1] [org.springframework.web.servlet.DispatcherServlet] [36mCompleted initialization in 0 ms[0;39m
[2024-01-15 16:43:21 [32mINFO [0;39m http-nio-8080-exec-2] [org.springdoc.api.AbstractOpenApiResource] [36mInit duration for springdoc-openapi is: 75 ms[0;39m
[2024-01-15 16:43:40 [32mINFO [0;39m http-nio-8080-exec-5] [com.zaxxer.hikari.HikariDataSource] [36mHikariPool-1 - Starting...[0;39m
[2024-01-15 16:43:40 [32mINFO [0;39m http-nio-8080-exec-5] [com.zaxxer.hikari.pool.HikariPool] [36mHikariPool-1 - Added connection org.mariadb.jdbc.Connection@698827b9[0;39m
[2024-01-15 16:43:40 [32mINFO [0;39m http-nio-8080-exec-5] [com.zaxxer.hikari.HikariDataSource] [36mHikariPool-1 - Start completed.[0;39m
[2024-01-15 16:44:22 [31mERROR[0;39m http-nio-8080-exec-9] [org.apache.catalina.core.ContainerBase.[Tomcat].[localhost].[/].[dispatcherServlet]] [36mServlet.service() for servlet [dispatcherServlet] in context with path [] threw exception [Request processing failed: org.mybatis.spring.MyBatisSystemException] with root cause[0;39m
org.apache.ibatis.reflection.ReflectionException: There is no getter for property named 'comment' in 'class com.green.gogiro.community.model.CommunityCommentDelDto'
	at org.apache.ibatis.reflection.Reflector.getGetInvoker(Reflector.java:385)
	at org.apache.ibatis.reflection.MetaClass.getGetInvoker(MetaClass.java:160)
	at org.apache.ibatis.reflection.wrapper.BeanWrapper.getBeanProperty(BeanWrapper.java:153)
	at org.apache.ibatis.reflection.wrapper.BeanWrapper.get(BeanWrapper.java:49)
	at org.apache.ibatis.reflection.MetaObject.getValue(MetaObject.java:116)
	at org.apache.ibatis.scripting.defaults.DefaultParameterHandler.setParameters(DefaultParameterHandler.java:82)
	at org.apache.ibatis.executor.statement.PreparedStatementHandler.parameterize(PreparedStatementHandler.java:97)
	at org.apache.ibatis.executor.statement.RoutingStatementHandler.parameterize(RoutingStatementHandler.java:65)
	at org.apache.ibatis.executor.SimpleExecutor.prepareStatement(SimpleExecutor.java:91)
	at org.apache.ibatis.executor.SimpleExecutor.doUpdate(SimpleExecutor.java:49)
	at org.apache.ibatis.executor.BaseExecutor.update(BaseExecutor.java:117)
	at org.apache.ibatis.executor.CachingExecutor.update(CachingExecutor.java:76)
	at org.apache.ibatis.session.defaults.DefaultSqlSession.update(DefaultSqlSession.java:197)
	at org.apache.ibatis.session.defaults.DefaultSqlSession.delete(DefaultSqlSession.java:212)
	at java.base/jdk.internal.reflect.DirectMethodHandleAccessor.invoke(DirectMethodHandleAccessor.java:103)
	at java.base/java.lang.reflect.Method.invoke(Method.java:580)
	at org.mybatis.spring.SqlSessionTemplate$SqlSessionInterceptor.invoke(SqlSessionTemplate.java:425)
	at jdk.proxy2/jdk.proxy2.$Proxy78.delete(Unknown Source)
	at org.mybatis.spring.SqlSessionTemplate.delete(SqlSessionTemplate.java:304)
	at org.apache.ibatis.binding.MapperMethod.execute(MapperMethod.java:72)
	at org.apache.ibatis.binding.MapperProxy$PlainMethodInvoker.invoke(MapperProxy.java:141)
	at org.apache.ibatis.binding.MapperProxy.invoke(MapperProxy.java:86)
	at jdk.proxy4/jdk.proxy4.$Proxy103.delCommunityComment(Unknown Source)
	at com.green.gogiro.community.CommunityService.delCommunityComment(CommunityService.java:86)
	at com.green.gogiro.community.CommunityController.delCommunityComment(CommunityController.java:50)
	at java.base/jdk.internal.reflect.DirectMethodHandleAccessor.invoke(DirectMethodHandleAccessor.java:103)
	at java.base/java.lang.reflect.Method.invoke(Method.java:580)
	at org.springframework.web.method.support.InvocableHandlerMethod.doInvoke(InvocableHandlerMethod.java:262)
	at org.springframework.web.method.support.InvocableHandlerMethod.invokeForRequest(InvocableHandlerMethod.java:190)
	at org.springframework.web.servlet.mvc.method.annotation.ServletInvocableHandlerMethod.invokeAndHandle(ServletInvocableHandlerMethod.java:118)
	at org.springframework.web.servlet.mvc.method.annotation.RequestMappingHandlerAdapter.invokeHandlerMethod(RequestMappingHandlerAdapter.java:917)
	at org.springframework.web.servlet.mvc.method.annotation.RequestMappingHandlerAdapter.handleInternal(RequestMappingHandlerAdapter.java:829)
	at org.springframework.web.servlet.mvc.method.AbstractHandlerMethodAdapter.handle(AbstractHandlerMethodAdapter.java:87)
	at org.springframework.web.servlet.DispatcherServlet.doDispatch(DispatcherServlet.java:1089)
	at org.springframework.web.servlet.DispatcherServlet.doService(DispatcherServlet.java:979)
	at org.springframework.web.servlet.FrameworkServlet.processRequest(FrameworkServlet.java:1014)
	at org.springframework.web.servlet.FrameworkServlet.doDelete(FrameworkServlet.java:936)
	at jakarta.servlet.http.HttpServlet.service(HttpServlet.java:596)
	at org.springframework.web.servlet.FrameworkServlet.service(FrameworkServlet.java:885)
	at jakarta.servlet.http.HttpServlet.service(HttpServlet.java:658)
	at org.apache.catalina.core.ApplicationFilterChain.internalDoFilter(ApplicationFilterChain.java:205)
	at org.apache.catalina.core.ApplicationFilterChain.doFilter(ApplicationFilterChain.java:149)
	at org.apache.tomcat.websocket.server.WsFilter.doFilter(WsFilter.java:51)
	at org.apache.catalina.core.ApplicationFilterChain.internalDoFilter(ApplicationFilterChain.java:174)
	at org.apache.catalina.core.ApplicationFilterChain.doFilter(ApplicationFilterChain.java:149)
	at org.springframework.web.filter.RequestContextFilter.doFilterInternal(RequestContextFilter.java:100)
	at org.springframework.web.filter.OncePerRequestFilter.doFilter(OncePerRequestFilter.java:116)
	at org.apache.catalina.core.ApplicationFilterChain.internalDoFilter(ApplicationFilterChain.java:174)
	at org.apache.catalina.core.ApplicationFilterChain.doFilter(ApplicationFilterChain.java:149)
	at org.springframework.web.filter.FormContentFilter.doFilterInternal(FormContentFilter.java:93)
	at org.springframework.web.filter.OncePerRequestFilter.doFilter(OncePerRequestFilter.java:116)
	at org.apache.catalina.core.ApplicationFilterChain.internalDoFilter(ApplicationFilterChain.java:174)
	at org.apache.catalina.core.ApplicationFilterChain.doFilter(ApplicationFilterChain.java:149)
	at org.springframework.web.filter.CharacterEncodingFilter.doFilterInternal(CharacterEncodingFilter.java:201)
	at org.springframework.web.filter.OncePerRequestFilter.doFilter(OncePerRequestFilter.java:116)
	at org.apache.catalina.core.ApplicationFilterChain.internalDoFilter(ApplicationFilterChain.java:174)
	at org.apache.catalina.core.ApplicationFilterChain.doFilter(ApplicationFilterChain.java:149)
	at org.apache.catalina.core.StandardWrapperValve.invoke(StandardWrapperValve.java:167)
	at org.apache.catalina.core.StandardContextValve.invoke(StandardContextValve.java:90)
	at org.apache.catalina.authenticator.AuthenticatorBase.invoke(AuthenticatorBase.java:482)
	at org.apache.catalina.core.StandardHostValve.invoke(StandardHostValve.java:115)
	at org.apache.catalina.valves.ErrorReportValve.invoke(ErrorReportValve.java:93)
	at org.apache.catalina.core.StandardEngineValve.invoke(StandardEngineValve.java:74)
	at org.apache.catalina.connector.CoyoteAdapter.service(CoyoteAdapter.java:340)
	at org.apache.coyote.http11.Http11Processor.service(Http11Processor.java:391)
	at org.apache.coyote.AbstractProcessorLight.process(AbstractProcessorLight.java:63)
	at org.apache.coyote.AbstractProtocol$ConnectionHandler.process(AbstractProtocol.java:896)
	at org.apache.tomcat.util.net.NioEndpoint$SocketProcessor.doRun(NioEndpoint.java:1744)
	at org.apache.tomcat.util.net.SocketProcessorBase.run(SocketProcessorBase.java:52)
	at org.apache.tomcat.util.threads.ThreadPoolExecutor.runWorker(ThreadPoolExecutor.java:1191)
	at org.apache.tomcat.util.threads.ThreadPoolExecutor$Worker.run(ThreadPoolExecutor.java:659)
	at org.apache.tomcat.util.threads.TaskThread$WrappingRunnable.run(TaskThread.java:61)
	at java.base/java.lang.Thread.run(Thread.java:1583)
[2024-01-15 16:46:12 [32mINFO [0;39m File Watcher] [org.springframework.boot.devtools.autoconfigure.LocalDevToolsAutoConfiguration$RestartingClassPathChangeChangedEventListener] [36mRestarting due to 1 class path change (0 additions, 0 deletions, 1 modification)[0;39m
[2024-01-15 16:46:12 [32mINFO [0;39m Thread-7] [org.apache.coyote.http11.Http11NioProtocol] [36mStopping ProtocolHandler ["http-nio-8080"][0;39m
[2024-01-15 16:46:12 [32mINFO [0;39m Thread-7] [com.zaxxer.hikari.HikariDataSource] [36mHikariPool-1 - Shutdown initiated...[0;39m
[2024-01-15 16:46:12 [32mINFO [0;39m Thread-7] [com.zaxxer.hikari.HikariDataSource] [36mHikariPool-1 - Shutdown completed.[0;39m
[2024-01-15 16:46:12 [32mINFO [0;39m restartedMain] [com.green.gogiro.GogiroApplication] [36mStarting GogiroApplication using Java 21.0.1 with PID 6696 (D:\java\gogiro\target\classes started by Administrator in D:\java\gogiro)[0;39m
[2024-01-15 16:46:12 [32mINFO [0;39m restartedMain] [com.green.gogiro.GogiroApplication] [36mNo active profile set, falling back to 1 default profile: "default"[0;39m
[2024-01-15 16:46:12 [32mINFO [0;39m restartedMain] [org.springframework.boot.web.embedded.tomcat.TomcatWebServer] [36mTomcat initialized with port 8080 (http)[0;39m
[2024-01-15 16:46:12 [32mINFO [0;39m restartedMain] [org.apache.coyote.http11.Http11NioProtocol] [36mInitializing ProtocolHandler ["http-nio-8080"][0;39m
[2024-01-15 16:46:12 [32mINFO [0;39m restartedMain] [org.apache.catalina.core.StandardService] [36mStarting service [Tomcat][0;39m
[2024-01-15 16:46:12 [32mINFO [0;39m restartedMain] [org.apache.catalina.core.StandardEngine] [36mStarting Servlet engine: [Apache Tomcat/10.1.17][0;39m
[2024-01-15 16:46:12 [32mINFO [0;39m restartedMain] [org.apache.catalina.core.ContainerBase.[Tomcat].[localhost].[/]] [36mInitializing Spring embedded WebApplicationContext[0;39m
[2024-01-15 16:46:12 [32mINFO [0;39m restartedMain] [org.springframework.boot.web.servlet.context.ServletWebServerApplicationContext] [36mRoot WebApplicationContext: initialization completed in 177 ms[0;39m
[2024-01-15 16:46:12 [32mINFO [0;39m restartedMain] [org.springframework.boot.devtools.autoconfigure.OptionalLiveReloadServer] [36mLiveReload server is running on port 35729[0;39m
[2024-01-15 16:46:12 [32mINFO [0;39m restartedMain] [org.apache.coyote.http11.Http11NioProtocol] [36mStarting ProtocolHandler ["http-nio-8080"][0;39m
[2024-01-15 16:46:12 [32mINFO [0;39m restartedMain] [org.springframework.boot.web.embedded.tomcat.TomcatWebServer] [36mTomcat started on port 8080 (http) with context path ''[0;39m
[2024-01-15 16:46:12 [32mINFO [0;39m restartedMain] [com.green.gogiro.GogiroApplication] [36mStarted GogiroApplication in 0.36 seconds (process running for 255.375)[0;39m
[2024-01-15 16:46:12 [32mINFO [0;39m restartedMain] [org.springframework.boot.devtools.autoconfigure.ConditionEvaluationDeltaLoggingListener] [36mCondition evaluation unchanged[0;39m
[2024-01-15 16:46:18 [32mINFO [0;39m http-nio-8080-exec-1] [org.apache.catalina.core.ContainerBase.[Tomcat].[localhost].[/]] [36mInitializing Spring DispatcherServlet 'dispatcherServlet'[0;39m
[2024-01-15 16:46:18 [32mINFO [0;39m http-nio-8080-exec-1] [org.springframework.web.servlet.DispatcherServlet] [36mInitializing Servlet 'dispatcherServlet'[0;39m
[2024-01-15 16:46:18 [32mINFO [0;39m http-nio-8080-exec-1] [org.springframework.web.servlet.DispatcherServlet] [36mCompleted initialization in 1 ms[0;39m
[2024-01-15 16:46:18 [32mINFO [0;39m http-nio-8080-exec-1] [com.zaxxer.hikari.HikariDataSource] [36mHikariPool-2 - Starting...[0;39m
[2024-01-15 16:46:18 [32mINFO [0;39m http-nio-8080-exec-1] [com.zaxxer.hikari.pool.HikariPool] [36mHikariPool-2 - Added connection org.mariadb.jdbc.Connection@82de965[0;39m
[2024-01-15 16:46:18 [32mINFO [0;39m http-nio-8080-exec-1] [com.zaxxer.hikari.HikariDataSource] [36mHikariPool-2 - Start completed.[0;39m
[2024-01-15 16:48:12 [32mINFO [0;39m SpringApplicationShutdownHook] [com.zaxxer.hikari.HikariDataSource] [36mHikariPool-2 - Shutdown initiated...[0;39m
[2024-01-15 16:48:12 [32mINFO [0;39m SpringApplicationShutdownHook] [com.zaxxer.hikari.HikariDataSource] [36mHikariPool-2 - Shutdown completed.[0;39m
[2024-01-15 17:21:00 INFO  main] [com.green.gogiro.reservation.ReservationControllerTest] Starting ReservationControllerTest using Java 21.0.1 with PID 9352 (started by Administrator in D:\java\gogiro)
[2024-01-15 17:21:00 INFO  main] [com.green.gogiro.reservation.ReservationControllerTest] No active profile set, falling back to 1 default profile: "default"
[2024-01-15 17:21:01 INFO  main] [org.springframework.boot.test.mock.web.SpringBootMockServletContext] Initializing Spring TestDispatcherServlet ''
[2024-01-15 17:21:01 INFO  main] [org.springframework.test.web.servlet.TestDispatcherServlet] Initializing Servlet ''
[2024-01-15 17:21:01 INFO  main] [org.springframework.test.web.servlet.TestDispatcherServlet] Completed initialization in 1 ms
[2024-01-15 17:21:01 INFO  main] [com.green.gogiro.reservation.ReservationControllerTest] Started ReservationControllerTest in 1.574 seconds (process running for 2.241)
[2024-01-15 17:21:12 INFO  main] [com.green.gogiro.reservation.ReservationIntegrationTest] Starting ReservationIntegrationTest using Java 21.0.1 with PID 9364 (started by Administrator in D:\java\gogiro)
[2024-01-15 17:21:12 INFO  main] [com.green.gogiro.reservation.ReservationIntegrationTest] No active profile set, falling back to 1 default profile: "default"
[2024-01-15 17:21:13 INFO  main] [org.springframework.boot.web.embedded.tomcat.TomcatWebServer] Tomcat initialized with port 0 (http)
[2024-01-15 17:21:13 INFO  main] [org.apache.coyote.http11.Http11NioProtocol] Initializing ProtocolHandler ["http-nio-auto-1"]
[2024-01-15 17:21:13 INFO  main] [org.apache.catalina.core.StandardService] Starting service [Tomcat]
[2024-01-15 17:21:13 INFO  main] [org.apache.catalina.core.StandardEngine] Starting Servlet engine: [Apache Tomcat/10.1.17]
[2024-01-15 17:21:13 INFO  main] [org.apache.catalina.core.ContainerBase.[Tomcat].[localhost].[/]] Initializing Spring embedded WebApplicationContext
[2024-01-15 17:21:13 INFO  main] [org.springframework.boot.web.servlet.context.ServletWebServerApplicationContext] Root WebApplicationContext: initialization completed in 835 ms
[2024-01-15 17:21:14 INFO  main] [org.apache.catalina.core.ContainerBase.[Tomcat].[localhost].[/]] Initializing Spring TestDispatcherServlet ''
[2024-01-15 17:21:14 INFO  main] [org.springframework.test.web.servlet.TestDispatcherServlet] Initializing Servlet ''
[2024-01-15 17:21:14 INFO  main] [org.springframework.test.web.servlet.TestDispatcherServlet] Completed initialization in 1 ms
[2024-01-15 17:21:14 INFO  main] [org.apache.coyote.http11.Http11NioProtocol] Starting ProtocolHandler ["http-nio-auto-1"]
[2024-01-15 17:21:14 INFO  main] [org.springframework.boot.web.embedded.tomcat.TomcatWebServer] Tomcat started on port 53595 (http) with context path ''
[2024-01-15 17:21:14 INFO  main] [com.green.gogiro.reservation.ReservationIntegrationTest] Started ReservationIntegrationTest in 1.78 seconds (process running for 2.496)
[2024-01-15 17:21:14 INFO  main] [com.zaxxer.hikari.HikariDataSource] HikariPool-1 - Starting...
[2024-01-15 17:21:14 INFO  main] [com.zaxxer.hikari.pool.HikariPool] HikariPool-1 - Added connection org.mariadb.jdbc.Connection@39f4a7c4
[2024-01-15 17:21:14 INFO  main] [com.zaxxer.hikari.HikariDataSource] HikariPool-1 - Start completed.
[2024-01-15 17:21:15 INFO  SpringApplicationShutdownHook] [com.zaxxer.hikari.HikariDataSource] HikariPool-1 - Shutdown initiated...
[2024-01-15 17:21:15 INFO  SpringApplicationShutdownHook] [com.zaxxer.hikari.HikariDataSource] HikariPool-1 - Shutdown completed.
[2024-01-15 17:21:22 INFO  main] [com.green.gogiro.reservation.ReservationIntegrationTest] Starting ReservationIntegrationTest using Java 21.0.1 with PID 5832 (started by Administrator in D:\java\gogiro)
[2024-01-15 17:21:22 INFO  main] [com.green.gogiro.reservation.ReservationIntegrationTest] No active profile set, falling back to 1 default profile: "default"
[2024-01-15 17:21:23 INFO  main] [org.springframework.boot.web.embedded.tomcat.TomcatWebServer] Tomcat initialized with port 0 (http)
[2024-01-15 17:21:23 INFO  main] [org.apache.coyote.http11.Http11NioProtocol] Initializing ProtocolHandler ["http-nio-auto-1"]
[2024-01-15 17:21:23 INFO  main] [org.apache.catalina.core.StandardService] Starting service [Tomcat]
[2024-01-15 17:21:23 INFO  main] [org.apache.catalina.core.StandardEngine] Starting Servlet engine: [Apache Tomcat/10.1.17]
[2024-01-15 17:21:23 INFO  main] [org.apache.catalina.core.ContainerBase.[Tomcat].[localhost].[/]] Initializing Spring embedded WebApplicationContext
[2024-01-15 17:21:23 INFO  main] [org.springframework.boot.web.servlet.context.ServletWebServerApplicationContext] Root WebApplicationContext: initialization completed in 851 ms
[2024-01-15 17:21:24 INFO  main] [org.apache.catalina.core.ContainerBase.[Tomcat].[localhost].[/]] Initializing Spring TestDispatcherServlet ''
[2024-01-15 17:21:24 INFO  main] [org.springframework.test.web.servlet.TestDispatcherServlet] Initializing Servlet ''
[2024-01-15 17:21:24 INFO  main] [org.springframework.test.web.servlet.TestDispatcherServlet] Completed initialization in 1 ms
[2024-01-15 17:21:24 INFO  main] [org.apache.coyote.http11.Http11NioProtocol] Starting ProtocolHandler ["http-nio-auto-1"]
[2024-01-15 17:21:24 INFO  main] [org.springframework.boot.web.embedded.tomcat.TomcatWebServer] Tomcat started on port 53610 (http) with context path ''
[2024-01-15 17:21:24 INFO  main] [com.green.gogiro.reservation.ReservationIntegrationTest] Started ReservationIntegrationTest in 1.788 seconds (process running for 2.498)
[2024-01-15 17:21:24 INFO  main] [com.zaxxer.hikari.HikariDataSource] HikariPool-1 - Starting...
[2024-01-15 17:21:24 INFO  main] [com.zaxxer.hikari.pool.HikariPool] HikariPool-1 - Added connection org.mariadb.jdbc.Connection@a6dffdb
[2024-01-15 17:21:24 INFO  main] [com.zaxxer.hikari.HikariDataSource] HikariPool-1 - Start completed.
[2024-01-15 17:21:25 INFO  SpringApplicationShutdownHook] [com.zaxxer.hikari.HikariDataSource] HikariPool-1 - Shutdown initiated...
[2024-01-15 17:21:25 INFO  SpringApplicationShutdownHook] [com.zaxxer.hikari.HikariDataSource] HikariPool-1 - Shutdown completed.
[2024-01-15 17:21:46 INFO  main] [com.green.gogiro.reservation.ReservationIntegrationTest] Starting ReservationIntegrationTest using Java 21.0.1 with PID 6456 (started by Administrator in D:\java\gogiro)
[2024-01-15 17:21:46 INFO  main] [com.green.gogiro.reservation.ReservationIntegrationTest] No active profile set, falling back to 1 default profile: "default"
[2024-01-15 17:21:47 INFO  main] [org.springframework.boot.web.embedded.tomcat.TomcatWebServer] Tomcat initialized with port 0 (http)
[2024-01-15 17:21:47 INFO  main] [org.apache.coyote.http11.Http11NioProtocol] Initializing ProtocolHandler ["http-nio-auto-1"]
[2024-01-15 17:21:47 INFO  main] [org.apache.catalina.core.StandardService] Starting service [Tomcat]
[2024-01-15 17:21:47 INFO  main] [org.apache.catalina.core.StandardEngine] Starting Servlet engine: [Apache Tomcat/10.1.17]
[2024-01-15 17:21:47 INFO  main] [org.apache.catalina.core.ContainerBase.[Tomcat].[localhost].[/]] Initializing Spring embedded WebApplicationContext
[2024-01-15 17:21:47 INFO  main] [org.springframework.boot.web.servlet.context.ServletWebServerApplicationContext] Root WebApplicationContext: initialization completed in 830 ms
[2024-01-15 17:21:47 INFO  main] [org.apache.catalina.core.ContainerBase.[Tomcat].[localhost].[/]] Initializing Spring TestDispatcherServlet ''
[2024-01-15 17:21:47 INFO  main] [org.springframework.test.web.servlet.TestDispatcherServlet] Initializing Servlet ''
[2024-01-15 17:21:47 INFO  main] [org.springframework.test.web.servlet.TestDispatcherServlet] Completed initialization in 1 ms
[2024-01-15 17:21:47 INFO  main] [org.apache.coyote.http11.Http11NioProtocol] Starting ProtocolHandler ["http-nio-auto-1"]
[2024-01-15 17:21:47 INFO  main] [org.springframework.boot.web.embedded.tomcat.TomcatWebServer] Tomcat started on port 53625 (http) with context path ''
[2024-01-15 17:21:47 INFO  main] [com.green.gogiro.reservation.ReservationIntegrationTest] Started ReservationIntegrationTest in 1.766 seconds (process running for 2.454)
[2024-01-15 17:21:47 INFO  main] [com.zaxxer.hikari.HikariDataSource] HikariPool-1 - Starting...
[2024-01-15 17:21:47 INFO  main] [com.zaxxer.hikari.pool.HikariPool] HikariPool-1 - Added connection org.mariadb.jdbc.Connection@66863941
[2024-01-15 17:21:47 INFO  main] [com.zaxxer.hikari.HikariDataSource] HikariPool-1 - Start completed.
[2024-01-15 17:21:48 INFO  SpringApplicationShutdownHook] [com.zaxxer.hikari.HikariDataSource] HikariPool-1 - Shutdown initiated...
[2024-01-15 17:21:48 INFO  SpringApplicationShutdownHook] [com.zaxxer.hikari.HikariDataSource] HikariPool-1 - Shutdown completed.
[2024-01-15 17:22:57 INFO  main] [com.green.gogiro.reservation.ReservationIntegrationTest] Starting ReservationIntegrationTest using Java 21.0.1 with PID 7176 (started by Administrator in D:\java\gogiro)
[2024-01-15 17:22:57 INFO  main] [com.green.gogiro.reservation.ReservationIntegrationTest] No active profile set, falling back to 1 default profile: "default"
[2024-01-15 17:22:58 INFO  main] [org.springframework.boot.web.embedded.tomcat.TomcatWebServer] Tomcat initialized with port 0 (http)
[2024-01-15 17:22:58 INFO  main] [org.apache.coyote.http11.Http11NioProtocol] Initializing ProtocolHandler ["http-nio-auto-1"]
[2024-01-15 17:22:58 INFO  main] [org.apache.catalina.core.StandardService] Starting service [Tomcat]
[2024-01-15 17:22:58 INFO  main] [org.apache.catalina.core.StandardEngine] Starting Servlet engine: [Apache Tomcat/10.1.17]
[2024-01-15 17:22:58 INFO  main] [org.apache.catalina.core.ContainerBase.[Tomcat].[localhost].[/]] Initializing Spring embedded WebApplicationContext
[2024-01-15 17:22:58 INFO  main] [org.springframework.boot.web.servlet.context.ServletWebServerApplicationContext] Root WebApplicationContext: initialization completed in 856 ms
[2024-01-15 17:22:58 INFO  main] [org.apache.catalina.core.ContainerBase.[Tomcat].[localhost].[/]] Initializing Spring TestDispatcherServlet ''
[2024-01-15 17:22:58 INFO  main] [org.springframework.test.web.servlet.TestDispatcherServlet] Initializing Servlet ''
[2024-01-15 17:22:58 INFO  main] [org.springframework.test.web.servlet.TestDispatcherServlet] Completed initialization in 1 ms
[2024-01-15 17:22:58 INFO  main] [org.apache.coyote.http11.Http11NioProtocol] Starting ProtocolHandler ["http-nio-auto-1"]
[2024-01-15 17:22:58 INFO  main] [org.springframework.boot.web.embedded.tomcat.TomcatWebServer] Tomcat started on port 53642 (http) with context path ''
[2024-01-15 17:22:58 INFO  main] [com.green.gogiro.reservation.ReservationIntegrationTest] Started ReservationIntegrationTest in 1.788 seconds (process running for 2.489)
[2024-01-15 17:22:58 INFO  main] [com.zaxxer.hikari.HikariDataSource] HikariPool-1 - Starting...
[2024-01-15 17:22:58 INFO  main] [com.zaxxer.hikari.pool.HikariPool] HikariPool-1 - Added connection org.mariadb.jdbc.Connection@d512c1
[2024-01-15 17:22:58 INFO  main] [com.zaxxer.hikari.HikariDataSource] HikariPool-1 - Start completed.
[2024-01-15 17:22:59 INFO  SpringApplicationShutdownHook] [com.zaxxer.hikari.HikariDataSource] HikariPool-1 - Shutdown initiated...
[2024-01-15 17:22:59 INFO  SpringApplicationShutdownHook] [com.zaxxer.hikari.HikariDataSource] HikariPool-1 - Shutdown completed.
[2024-01-15 17:23:49 INFO  main] [com.green.gogiro.reservation.ReservationIntegrationTest] Starting ReservationIntegrationTest using Java 21.0.1 with PID 8004 (started by Administrator in D:\java\gogiro)
[2024-01-15 17:23:49 INFO  main] [com.green.gogiro.reservation.ReservationIntegrationTest] No active profile set, falling back to 1 default profile: "default"
[2024-01-15 17:23:49 INFO  main] [org.springframework.boot.web.embedded.tomcat.TomcatWebServer] Tomcat initialized with port 0 (http)
[2024-01-15 17:23:50 INFO  main] [org.apache.coyote.http11.Http11NioProtocol] Initializing ProtocolHandler ["http-nio-auto-1"]
[2024-01-15 17:23:50 INFO  main] [org.apache.catalina.core.StandardService] Starting service [Tomcat]
[2024-01-15 17:23:50 INFO  main] [org.apache.catalina.core.StandardEngine] Starting Servlet engine: [Apache Tomcat/10.1.17]
[2024-01-15 17:23:50 INFO  main] [org.apache.catalina.core.ContainerBase.[Tomcat].[localhost].[/]] Initializing Spring embedded WebApplicationContext
[2024-01-15 17:23:50 INFO  main] [org.springframework.boot.web.servlet.context.ServletWebServerApplicationContext] Root WebApplicationContext: initialization completed in 827 ms
[2024-01-15 17:23:50 INFO  main] [org.apache.catalina.core.ContainerBase.[Tomcat].[localhost].[/]] Initializing Spring TestDispatcherServlet ''
[2024-01-15 17:23:50 INFO  main] [org.springframework.test.web.servlet.TestDispatcherServlet] Initializing Servlet ''
[2024-01-15 17:23:50 INFO  main] [org.springframework.test.web.servlet.TestDispatcherServlet] Completed initialization in 1 ms
[2024-01-15 17:23:50 INFO  main] [org.apache.coyote.http11.Http11NioProtocol] Starting ProtocolHandler ["http-nio-auto-1"]
[2024-01-15 17:23:50 INFO  main] [org.springframework.boot.web.embedded.tomcat.TomcatWebServer] Tomcat started on port 53658 (http) with context path ''
[2024-01-15 17:23:50 INFO  main] [com.green.gogiro.reservation.ReservationIntegrationTest] Started ReservationIntegrationTest in 1.749 seconds (process running for 2.439)
[2024-01-15 17:23:50 INFO  main] [com.zaxxer.hikari.HikariDataSource] HikariPool-1 - Starting...
[2024-01-15 17:23:50 INFO  main] [com.zaxxer.hikari.pool.HikariPool] HikariPool-1 - Added connection org.mariadb.jdbc.Connection@66863941
[2024-01-15 17:23:50 INFO  main] [com.zaxxer.hikari.HikariDataSource] HikariPool-1 - Start completed.
[2024-01-15 17:23:51 INFO  SpringApplicationShutdownHook] [com.zaxxer.hikari.HikariDataSource] HikariPool-1 - Shutdown initiated...
[2024-01-15 17:23:51 INFO  SpringApplicationShutdownHook] [com.zaxxer.hikari.HikariDataSource] HikariPool-1 - Shutdown completed.
[2024-01-15 17:26:07 INFO  main] [com.green.gogiro.reservation.ReservationControllerTest] Starting ReservationControllerTest using Java 21.0.1 with PID 8224 (started by Administrator in D:\java\gogiro)
[2024-01-15 17:26:07 INFO  main] [com.green.gogiro.reservation.ReservationControllerTest] No active profile set, falling back to 1 default profile: "default"
[2024-01-15 17:26:08 INFO  main] [org.springframework.boot.test.mock.web.SpringBootMockServletContext] Initializing Spring TestDispatcherServlet ''
[2024-01-15 17:26:08 INFO  main] [org.springframework.test.web.servlet.TestDispatcherServlet] Initializing Servlet ''
[2024-01-15 17:26:08 INFO  main] [org.springframework.test.web.servlet.TestDispatcherServlet] Completed initialization in 0 ms
[2024-01-15 17:26:08 INFO  main] [com.green.gogiro.reservation.ReservationControllerTest] Started ReservationControllerTest in 1.575 seconds (process running for 2.253)
[2024-01-15 17:27:27 INFO  main] [com.green.gogiro.reservation.ReservationIntegrationTest] Starting ReservationIntegrationTest using Java 21.0.1 with PID 6020 (started by Administrator in D:\java\gogiro)
[2024-01-15 17:27:27 INFO  main] [com.green.gogiro.reservation.ReservationIntegrationTest] No active profile set, falling back to 1 default profile: "default"
[2024-01-15 17:27:28 INFO  main] [org.springframework.boot.web.embedded.tomcat.TomcatWebServer] Tomcat initialized with port 0 (http)
[2024-01-15 17:27:28 INFO  main] [org.apache.coyote.http11.Http11NioProtocol] Initializing ProtocolHandler ["http-nio-auto-1"]
[2024-01-15 17:27:28 INFO  main] [org.apache.catalina.core.StandardService] Starting service [Tomcat]
[2024-01-15 17:27:28 INFO  main] [org.apache.catalina.core.StandardEngine] Starting Servlet engine: [Apache Tomcat/10.1.17]
[2024-01-15 17:27:28 INFO  main] [org.apache.catalina.core.ContainerBase.[Tomcat].[localhost].[/]] Initializing Spring embedded WebApplicationContext
[2024-01-15 17:27:28 INFO  main] [org.springframework.boot.web.servlet.context.ServletWebServerApplicationContext] Root WebApplicationContext: initialization completed in 839 ms
[2024-01-15 17:27:29 INFO  main] [org.apache.catalina.core.ContainerBase.[Tomcat].[localhost].[/]] Initializing Spring TestDispatcherServlet ''
[2024-01-15 17:27:29 INFO  main] [org.springframework.test.web.servlet.TestDispatcherServlet] Initializing Servlet ''
[2024-01-15 17:27:29 INFO  main] [org.springframework.test.web.servlet.TestDispatcherServlet] Completed initialization in 0 ms
[2024-01-15 17:27:29 INFO  main] [org.apache.coyote.http11.Http11NioProtocol] Starting ProtocolHandler ["http-nio-auto-1"]
[2024-01-15 17:27:29 INFO  main] [org.springframework.boot.web.embedded.tomcat.TomcatWebServer] Tomcat started on port 53683 (http) with context path ''
[2024-01-15 17:27:29 INFO  main] [com.green.gogiro.reservation.ReservationIntegrationTest] Started ReservationIntegrationTest in 1.764 seconds (process running for 2.473)
[2024-01-15 17:27:29 INFO  main] [com.zaxxer.hikari.HikariDataSource] HikariPool-1 - Starting...
[2024-01-15 17:27:29 INFO  main] [com.zaxxer.hikari.pool.HikariPool] HikariPool-1 - Added connection org.mariadb.jdbc.Connection@5f166f2e
[2024-01-15 17:27:29 INFO  main] [com.zaxxer.hikari.HikariDataSource] HikariPool-1 - Start completed.
[2024-01-15 17:27:30 INFO  SpringApplicationShutdownHook] [com.zaxxer.hikari.HikariDataSource] HikariPool-1 - Shutdown initiated...
[2024-01-15 17:27:30 INFO  SpringApplicationShutdownHook] [com.zaxxer.hikari.HikariDataSource] HikariPool-1 - Shutdown completed.
[2024-01-15 17:28:43 INFO  main] [com.green.gogiro.reservation.ReservationIntegrationTest] Starting ReservationIntegrationTest using Java 21.0.1 with PID 9964 (started by Administrator in D:\java\gogiro)
[2024-01-15 17:28:43 INFO  main] [com.green.gogiro.reservation.ReservationIntegrationTest] No active profile set, falling back to 1 default profile: "default"
[2024-01-15 17:28:43 INFO  main] [org.springframework.boot.web.embedded.tomcat.TomcatWebServer] Tomcat initialized with port 0 (http)
[2024-01-15 17:28:43 INFO  main] [org.apache.coyote.http11.Http11NioProtocol] Initializing ProtocolHandler ["http-nio-auto-1"]
[2024-01-15 17:28:43 INFO  main] [org.apache.catalina.core.StandardService] Starting service [Tomcat]
[2024-01-15 17:28:43 INFO  main] [org.apache.catalina.core.StandardEngine] Starting Servlet engine: [Apache Tomcat/10.1.17]
[2024-01-15 17:28:43 INFO  main] [org.apache.catalina.core.ContainerBase.[Tomcat].[localhost].[/]] Initializing Spring embedded WebApplicationContext
[2024-01-15 17:28:43 INFO  main] [org.springframework.boot.web.servlet.context.ServletWebServerApplicationContext] Root WebApplicationContext: initialization completed in 846 ms
[2024-01-15 17:28:44 INFO  main] [org.apache.catalina.core.ContainerBase.[Tomcat].[localhost].[/]] Initializing Spring TestDispatcherServlet ''
[2024-01-15 17:28:44 INFO  main] [org.springframework.test.web.servlet.TestDispatcherServlet] Initializing Servlet ''
[2024-01-15 17:28:44 INFO  main] [org.springframework.test.web.servlet.TestDispatcherServlet] Completed initialization in 1 ms
[2024-01-15 17:28:44 INFO  main] [org.apache.coyote.http11.Http11NioProtocol] Starting ProtocolHandler ["http-nio-auto-1"]
[2024-01-15 17:28:44 INFO  main] [org.springframework.boot.web.embedded.tomcat.TomcatWebServer] Tomcat started on port 53698 (http) with context path ''
[2024-01-15 17:28:44 INFO  main] [com.green.gogiro.reservation.ReservationIntegrationTest] Started ReservationIntegrationTest in 1.775 seconds (process running for 2.488)
[2024-01-15 17:28:44 INFO  main] [com.zaxxer.hikari.HikariDataSource] HikariPool-1 - Starting...
[2024-01-15 17:28:44 INFO  main] [com.zaxxer.hikari.pool.HikariPool] HikariPool-1 - Added connection org.mariadb.jdbc.Connection@66863941
[2024-01-15 17:28:44 INFO  main] [com.zaxxer.hikari.HikariDataSource] HikariPool-1 - Start completed.
[2024-01-15 17:28:45 INFO  SpringApplicationShutdownHook] [com.zaxxer.hikari.HikariDataSource] HikariPool-1 - Shutdown initiated...
[2024-01-15 17:28:45 INFO  SpringApplicationShutdownHook] [com.zaxxer.hikari.HikariDataSource] HikariPool-1 - Shutdown completed.
[2024-01-15 17:28:51 INFO  main] [com.green.gogiro.reservation.ReservationControllerTest] Starting ReservationControllerTest using Java 21.0.1 with PID 9144 (started by Administrator in D:\java\gogiro)
[2024-01-15 17:28:51 INFO  main] [com.green.gogiro.reservation.ReservationControllerTest] No active profile set, falling back to 1 default profile: "default"
[2024-01-15 17:28:52 INFO  main] [org.springframework.boot.test.mock.web.SpringBootMockServletContext] Initializing Spring TestDispatcherServlet ''
[2024-01-15 17:28:52 INFO  main] [org.springframework.test.web.servlet.TestDispatcherServlet] Initializing Servlet ''
[2024-01-15 17:28:52 INFO  main] [org.springframework.test.web.servlet.TestDispatcherServlet] Completed initialization in 1 ms
[2024-01-15 17:28:52 INFO  main] [com.green.gogiro.reservation.ReservationControllerTest] Started ReservationControllerTest in 1.596 seconds (process running for 2.262)
[2024-01-15 17:28:57 INFO  main] [com.green.gogiro.reservation.ReservationIntegrationTest] Starting ReservationIntegrationTest using Java 21.0.1 with PID 9036 (started by Administrator in D:\java\gogiro)
[2024-01-15 17:28:57 INFO  main] [com.green.gogiro.reservation.ReservationIntegrationTest] No active profile set, falling back to 1 default profile: "default"
[2024-01-15 17:28:58 INFO  main] [org.springframework.boot.web.embedded.tomcat.TomcatWebServer] Tomcat initialized with port 0 (http)
[2024-01-15 17:28:58 INFO  main] [org.apache.coyote.http11.Http11NioProtocol] Initializing ProtocolHandler ["http-nio-auto-1"]
[2024-01-15 17:28:58 INFO  main] [org.apache.catalina.core.StandardService] Starting service [Tomcat]
[2024-01-15 17:28:58 INFO  main] [org.apache.catalina.core.StandardEngine] Starting Servlet engine: [Apache Tomcat/10.1.17]
[2024-01-15 17:28:58 INFO  main] [org.apache.catalina.core.ContainerBase.[Tomcat].[localhost].[/]] Initializing Spring embedded WebApplicationContext
[2024-01-15 17:28:58 INFO  main] [org.springframework.boot.web.servlet.context.ServletWebServerApplicationContext] Root WebApplicationContext: initialization completed in 854 ms
[2024-01-15 17:28:58 INFO  main] [org.apache.catalina.core.ContainerBase.[Tomcat].[localhost].[/]] Initializing Spring TestDispatcherServlet ''
[2024-01-15 17:28:58 INFO  main] [org.springframework.test.web.servlet.TestDispatcherServlet] Initializing Servlet ''
[2024-01-15 17:28:58 INFO  main] [org.springframework.test.web.servlet.TestDispatcherServlet] Completed initialization in 0 ms
[2024-01-15 17:28:58 INFO  main] [org.apache.coyote.http11.Http11NioProtocol] Starting ProtocolHandler ["http-nio-auto-1"]
[2024-01-15 17:28:58 INFO  main] [org.springframework.boot.web.embedded.tomcat.TomcatWebServer] Tomcat started on port 53717 (http) with context path ''
[2024-01-15 17:28:58 INFO  main] [com.green.gogiro.reservation.ReservationIntegrationTest] Started ReservationIntegrationTest in 1.795 seconds (process running for 2.496)
[2024-01-15 17:28:58 INFO  main] [com.zaxxer.hikari.HikariDataSource] HikariPool-1 - Starting...
[2024-01-15 17:28:58 INFO  main] [com.zaxxer.hikari.pool.HikariPool] HikariPool-1 - Added connection org.mariadb.jdbc.Connection@48ee3c2d
[2024-01-15 17:28:58 INFO  main] [com.zaxxer.hikari.HikariDataSource] HikariPool-1 - Start completed.
[2024-01-15 17:28:59 INFO  SpringApplicationShutdownHook] [com.zaxxer.hikari.HikariDataSource] HikariPool-1 - Shutdown initiated...
[2024-01-15 17:28:59 INFO  SpringApplicationShutdownHook] [com.zaxxer.hikari.HikariDataSource] HikariPool-1 - Shutdown completed.
[2024-01-15 17:31:45 INFO  main] [com.green.gogiro.reservation.ReservationMapperTest] Starting ReservationMapperTest using Java 21.0.1 with PID 9408 (started by Administrator in D:\java\gogiro)
[2024-01-15 17:31:45 INFO  main] [com.green.gogiro.reservation.ReservationMapperTest] No active profile set, falling back to 1 default profile: "default"
[2024-01-15 17:31:45 INFO  main] [com.green.gogiro.reservation.ReservationMapperTest] Started ReservationMapperTest in 0.899 seconds (process running for 1.569)
[2024-01-15 17:31:45 INFO  main] [com.zaxxer.hikari.HikariDataSource] HikariPool-1 - Starting...
[2024-01-15 17:31:45 INFO  main] [com.zaxxer.hikari.pool.HikariPool] HikariPool-1 - Added connection org.mariadb.jdbc.Connection@1f87607c
[2024-01-15 17:31:45 INFO  main] [com.zaxxer.hikari.HikariDataSource] HikariPool-1 - Start completed.
[2024-01-15 17:31:46 INFO  SpringApplicationShutdownHook] [com.zaxxer.hikari.HikariDataSource] HikariPool-1 - Shutdown initiated...
[2024-01-15 17:31:46 INFO  SpringApplicationShutdownHook] [com.zaxxer.hikari.HikariDataSource] HikariPool-1 - Shutdown completed.
[2024-01-15 17:36:22 INFO  main] [com.green.gogiro.reservation.ReservationMapperTest] Starting ReservationMapperTest using Java 21.0.1 with PID 7192 (started by Administrator in D:\java\gogiro)
[2024-01-15 17:36:22 INFO  main] [com.green.gogiro.reservation.ReservationMapperTest] No active profile set, falling back to 1 default profile: "default"
[2024-01-15 17:36:23 INFO  main] [com.green.gogiro.reservation.ReservationMapperTest] Started ReservationMapperTest in 0.895 seconds (process running for 1.561)
[2024-01-15 17:36:23 INFO  main] [com.zaxxer.hikari.HikariDataSource] HikariPool-1 - Starting...
[2024-01-15 17:36:23 INFO  main] [com.zaxxer.hikari.pool.HikariPool] HikariPool-1 - Added connection org.mariadb.jdbc.Connection@4aa31ffc
[2024-01-15 17:36:23 INFO  main] [com.zaxxer.hikari.HikariDataSource] HikariPool-1 - Start completed.
[2024-01-15 17:36:24 INFO  SpringApplicationShutdownHook] [com.zaxxer.hikari.HikariDataSource] HikariPool-1 - Shutdown initiated...
[2024-01-15 17:36:24 INFO  SpringApplicationShutdownHook] [com.zaxxer.hikari.HikariDataSource] HikariPool-1 - Shutdown completed.
[2024-01-15 17:36:29 [32mINFO [0;39m restartedMain] [com.green.gogiro.GogiroApplication] [36mStarting GogiroApplication using Java 21.0.1 with PID 2536 (D:\java\gogiro\target\classes started by Administrator in D:\java\gogiro)[0;39m
[2024-01-15 17:36:29 [32mINFO [0;39m restartedMain] [com.green.gogiro.GogiroApplication] [36mNo active profile set, falling back to 1 default profile: "default"[0;39m
[2024-01-15 17:36:29 [32mINFO [0;39m restartedMain] [org.springframework.boot.devtools.env.DevToolsPropertyDefaultsPostProcessor] [36mDevtools property defaults active! Set 'spring.devtools.add-properties' to 'false' to disable[0;39m
[2024-01-15 17:36:29 [32mINFO [0;39m restartedMain] [org.springframework.boot.devtools.env.DevToolsPropertyDefaultsPostProcessor] [36mFor additional web related logging consider setting the 'logging.level.web' property to 'DEBUG'[0;39m
[2024-01-15 17:36:30 [32mINFO [0;39m restartedMain] [org.springframework.boot.web.embedded.tomcat.TomcatWebServer] [36mTomcat initialized with port 8080 (http)[0;39m
[2024-01-15 17:36:30 [32mINFO [0;39m restartedMain] [org.apache.coyote.http11.Http11NioProtocol] [36mInitializing ProtocolHandler ["http-nio-8080"][0;39m
[2024-01-15 17:36:30 [32mINFO [0;39m restartedMain] [org.apache.catalina.core.StandardService] [36mStarting service [Tomcat][0;39m
[2024-01-15 17:36:30 [32mINFO [0;39m restartedMain] [org.apache.catalina.core.StandardEngine] [36mStarting Servlet engine: [Apache Tomcat/10.1.17][0;39m
[2024-01-15 17:36:30 [32mINFO [0;39m restartedMain] [org.apache.catalina.core.ContainerBase.[Tomcat].[localhost].[/]] [36mInitializing Spring embedded WebApplicationContext[0;39m
[2024-01-15 17:36:30 [32mINFO [0;39m restartedMain] [org.springframework.boot.web.servlet.context.ServletWebServerApplicationContext] [36mRoot WebApplicationContext: initialization completed in 699 ms[0;39m
[2024-01-15 17:36:31 [32mINFO [0;39m restartedMain] [org.springframework.boot.devtools.autoconfigure.OptionalLiveReloadServer] [36mLiveReload server is running on port 35729[0;39m
[2024-01-15 17:36:31 [32mINFO [0;39m restartedMain] [org.apache.coyote.http11.Http11NioProtocol] [36mStarting ProtocolHandler ["http-nio-8080"][0;39m
[2024-01-15 17:36:31 [32mINFO [0;39m restartedMain] [org.springframework.boot.web.embedded.tomcat.TomcatWebServer] [36mTomcat started on port 8080 (http) with context path ''[0;39m
[2024-01-15 17:36:31 [32mINFO [0;39m restartedMain] [com.green.gogiro.GogiroApplication] [36mStarted GogiroApplication in 1.545 seconds (process running for 1.93)[0;39m
[2024-01-15 17:36:40 [32mINFO [0;39m http-nio-8080-exec-1] [org.apache.catalina.core.ContainerBase.[Tomcat].[localhost].[/]] [36mInitializing Spring DispatcherServlet 'dispatcherServlet'[0;39m
[2024-01-15 17:36:40 [32mINFO [0;39m http-nio-8080-exec-1] [org.springframework.web.servlet.DispatcherServlet] [36mInitializing Servlet 'dispatcherServlet'[0;39m
[2024-01-15 17:36:40 [32mINFO [0;39m http-nio-8080-exec-1] [org.springframework.web.servlet.DispatcherServlet] [36mCompleted initialization in 1 ms[0;39m
[2024-01-15 17:36:41 [32mINFO [0;39m http-nio-8080-exec-10] [org.springdoc.api.AbstractOpenApiResource] [36mInit duration for springdoc-openapi is: 225 ms[0;39m
[2024-01-15 17:36:51 [33mWARN [0;39m http-nio-8080-exec-5] [org.springframework.web.servlet.mvc.support.DefaultHandlerExceptionResolver] [36mResolved [org.springframework.http.converter.HttpMessageNotReadableException: Required request body is missing: public java.util.List<com.green.gogiro.user.model.BookmarkShopVo> com.green.gogiro.user.UserController.getUserBookmark(com.green.gogiro.user.model.UserMyPageDto)][0;39m
[2024-01-15 17:36:59 [33mWARN [0;39m http-nio-8080-exec-6] [org.springframework.web.servlet.mvc.support.DefaultHandlerExceptionResolver] [36mResolved [org.springframework.http.converter.HttpMessageNotReadableException: Required request body is missing: public java.util.List<com.green.gogiro.user.model.BookmarkShopVo> com.green.gogiro.user.UserController.getUserBookmark(com.green.gogiro.user.model.UserMyPageDto)][0;39m
[2024-01-15 17:41:19 [33mWARN [0;39m http-nio-8080-exec-7] [org.springframework.web.servlet.mvc.support.DefaultHandlerExceptionResolver] [36mResolved [org.springframework.http.converter.HttpMessageNotReadableException: Required request body is missing: public java.util.List<com.green.gogiro.user.model.ReservationVo> com.green.gogiro.user.UserController.getReservation(com.green.gogiro.user.model.UserMyPageDto)][0;39m
[2024-01-15 17:42:20 [32mINFO [0;39m http-nio-8080-exec-9] [com.zaxxer.hikari.HikariDataSource] [36mHikariPool-1 - Starting...[0;39m
[2024-01-15 17:42:20 [32mINFO [0;39m http-nio-8080-exec-9] [com.zaxxer.hikari.pool.HikariPool] [36mHikariPool-1 - Added connection org.mariadb.jdbc.Connection@64c90326[0;39m
[2024-01-15 17:42:20 [32mINFO [0;39m http-nio-8080-exec-9] [com.zaxxer.hikari.HikariDataSource] [36mHikariPool-1 - Start completed.[0;39m
[2024-01-15 17:46:22 [32mINFO [0;39m SpringApplicationShutdownHook] [com.zaxxer.hikari.HikariDataSource] [36mHikariPool-1 - Shutdown initiated...[0;39m
[2024-01-15 17:46:22 [32mINFO [0;39m SpringApplicationShutdownHook] [com.zaxxer.hikari.HikariDataSource] [36mHikariPool-1 - Shutdown completed.[0;39m
[2024-01-15 19:32:50 INFO  main] [com.green.gogiro.butchershop.ButcherShopMapperTest] Starting ButcherShopMapperTest using Java 21.0.1 with PID 8952 (started by Administrator in D:\java\gogiro)
[2024-01-15 19:32:50 INFO  main] [com.green.gogiro.butchershop.ButcherShopMapperTest] No active profile set, falling back to 1 default profile: "default"
[2024-01-15 19:32:51 INFO  main] [com.green.gogiro.butchershop.ButcherShopMapperTest] Started ButcherShopMapperTest in 1.104 seconds (process running for 1.859)
[2024-01-15 19:32:51 INFO  main] [com.zaxxer.hikari.HikariDataSource] HikariPool-1 - Starting...
[2024-01-15 19:32:51 INFO  main] [com.zaxxer.hikari.pool.HikariPool] HikariPool-1 - Added connection org.mariadb.jdbc.Connection@4d09cade
[2024-01-15 19:32:51 INFO  main] [com.zaxxer.hikari.HikariDataSource] HikariPool-1 - Start completed.
[2024-01-15 19:32:52 WARN  main] [org.mariadb.jdbc.message.server.ErrorPacket] Error: 1064-42000: You have an error in your SQL syntax; check the manual that corresponds to your MariaDB server version for the right syntax to use near 'null, null' at line 4
[2024-01-15 19:32:52 INFO  SpringApplicationShutdownHook] [com.zaxxer.hikari.HikariDataSource] HikariPool-1 - Shutdown initiated...
[2024-01-15 19:32:52 INFO  SpringApplicationShutdownHook] [com.zaxxer.hikari.HikariDataSource] HikariPool-1 - Shutdown completed.
[2024-01-15 19:34:47 INFO  main] [com.green.gogiro.butchershop.ButcherShopMapperTest] Starting ButcherShopMapperTest using Java 21.0.1 with PID 6268 (started by Administrator in D:\java\gogiro)
[2024-01-15 19:34:47 INFO  main] [com.green.gogiro.butchershop.ButcherShopMapperTest] No active profile set, falling back to 1 default profile: "default"
[2024-01-15 19:34:48 INFO  main] [com.green.gogiro.butchershop.ButcherShopMapperTest] Started ButcherShopMapperTest in 0.901 seconds (process running for 1.594)
[2024-01-15 19:34:48 INFO  main] [com.zaxxer.hikari.HikariDataSource] HikariPool-1 - Starting...
[2024-01-15 19:34:48 INFO  main] [com.zaxxer.hikari.pool.HikariPool] HikariPool-1 - Added connection org.mariadb.jdbc.Connection@373e6b9d
[2024-01-15 19:34:48 INFO  main] [com.zaxxer.hikari.HikariDataSource] HikariPool-1 - Start completed.
[2024-01-15 19:34:48 INFO  SpringApplicationShutdownHook] [com.zaxxer.hikari.HikariDataSource] HikariPool-1 - Shutdown initiated...
[2024-01-15 19:34:48 INFO  SpringApplicationShutdownHook] [com.zaxxer.hikari.HikariDataSource] HikariPool-1 - Shutdown completed.
[2024-01-15 19:45:59 INFO  main] [com.green.gogiro.butchershop.ButcherShopMapperTest] Starting ButcherShopMapperTest using Java 21.0.1 with PID 4156 (started by Administrator in D:\java\gogiro)
[2024-01-15 19:45:59 INFO  main] [com.green.gogiro.butchershop.ButcherShopMapperTest] No active profile set, falling back to 1 default profile: "default"
[2024-01-15 19:46:00 INFO  main] [com.green.gogiro.butchershop.ButcherShopMapperTest] Started ButcherShopMapperTest in 0.898 seconds (process running for 1.545)
[2024-01-15 19:46:00 INFO  main] [com.zaxxer.hikari.HikariDataSource] HikariPool-1 - Starting...
[2024-01-15 19:46:00 INFO  main] [com.zaxxer.hikari.pool.HikariPool] HikariPool-1 - Added connection org.mariadb.jdbc.Connection@6393bf8b
[2024-01-15 19:46:00 INFO  main] [com.zaxxer.hikari.HikariDataSource] HikariPool-1 - Start completed.
[2024-01-15 19:46:00 INFO  SpringApplicationShutdownHook] [com.zaxxer.hikari.HikariDataSource] HikariPool-1 - Shutdown initiated...
[2024-01-15 19:46:00 INFO  SpringApplicationShutdownHook] [com.zaxxer.hikari.HikariDataSource] HikariPool-1 - Shutdown completed.
[2024-01-15 20:06:20 INFO  main] [com.green.gogiro.butchershop.ButcherShopMapperTest] Starting ButcherShopMapperTest using Java 21.0.1 with PID 7312 (started by Administrator in D:\java\gogiro)
[2024-01-15 20:06:20 INFO  main] [com.green.gogiro.butchershop.ButcherShopMapperTest] No active profile set, falling back to 1 default profile: "default"
[2024-01-15 20:06:21 INFO  main] [com.green.gogiro.butchershop.ButcherShopMapperTest] Started ButcherShopMapperTest in 0.918 seconds (process running for 1.645)
[2024-01-15 20:06:21 INFO  main] [com.zaxxer.hikari.HikariDataSource] HikariPool-1 - Starting...
[2024-01-15 20:06:21 INFO  main] [com.zaxxer.hikari.pool.HikariPool] HikariPool-1 - Added connection org.mariadb.jdbc.Connection@307e4c44
[2024-01-15 20:06:21 INFO  main] [com.zaxxer.hikari.HikariDataSource] HikariPool-1 - Start completed.
[2024-01-15 20:06:21 WARN  main] [org.mariadb.jdbc.message.server.ErrorPacket] Error: 1452-23000: Cannot add or update a child row: a foreign key constraint fails (`db_even_last_1`.`t_but_review_pic`, CONSTRAINT `t_but_review_pic_ibfk_1` FOREIGN KEY (`ireview`) REFERENCES `t_but_review` (`ireview`))
[2024-01-15 20:06:21 INFO  SpringApplicationShutdownHook] [com.zaxxer.hikari.HikariDataSource] HikariPool-1 - Shutdown initiated...
[2024-01-15 20:06:21 INFO  SpringApplicationShutdownHook] [com.zaxxer.hikari.HikariDataSource] HikariPool-1 - Shutdown completed.
[2024-01-15 20:06:31 INFO  main] [com.green.gogiro.butchershop.ButcherShopMapperTest] Starting ButcherShopMapperTest using Java 21.0.1 with PID 4056 (started by Administrator in D:\java\gogiro)
[2024-01-15 20:06:31 INFO  main] [com.green.gogiro.butchershop.ButcherShopMapperTest] No active profile set, falling back to 1 default profile: "default"
[2024-01-15 20:06:32 INFO  main] [com.green.gogiro.butchershop.ButcherShopMapperTest] Started ButcherShopMapperTest in 0.93 seconds (process running for 1.616)
[2024-01-15 20:06:32 INFO  main] [com.zaxxer.hikari.HikariDataSource] HikariPool-1 - Starting...
[2024-01-15 20:06:32 INFO  main] [com.zaxxer.hikari.pool.HikariPool] HikariPool-1 - Added connection org.mariadb.jdbc.Connection@4b862408
[2024-01-15 20:06:32 INFO  main] [com.zaxxer.hikari.HikariDataSource] HikariPool-1 - Start completed.
[2024-01-15 20:06:33 INFO  SpringApplicationShutdownHook] [com.zaxxer.hikari.HikariDataSource] HikariPool-1 - Shutdown initiated...
[2024-01-15 20:06:33 INFO  SpringApplicationShutdownHook] [com.zaxxer.hikari.HikariDataSource] HikariPool-1 - Shutdown completed.
[2024-01-15 20:06:39 INFO  main] [com.green.gogiro.butchershop.ButcherShopMapperTest] Starting ButcherShopMapperTest using Java 21.0.1 with PID 1312 (started by Administrator in D:\java\gogiro)
[2024-01-15 20:06:39 INFO  main] [com.green.gogiro.butchershop.ButcherShopMapperTest] No active profile set, falling back to 1 default profile: "default"
[2024-01-15 20:06:40 INFO  main] [com.green.gogiro.butchershop.ButcherShopMapperTest] Started ButcherShopMapperTest in 0.896 seconds (process running for 1.56)
[2024-01-15 20:06:40 INFO  main] [com.zaxxer.hikari.HikariDataSource] HikariPool-1 - Starting...
[2024-01-15 20:06:40 INFO  main] [com.zaxxer.hikari.pool.HikariPool] HikariPool-1 - Added connection org.mariadb.jdbc.Connection@6393bf8b
[2024-01-15 20:06:40 INFO  main] [com.zaxxer.hikari.HikariDataSource] HikariPool-1 - Start completed.
[2024-01-15 20:06:40 INFO  SpringApplicationShutdownHook] [com.zaxxer.hikari.HikariDataSource] HikariPool-1 - Shutdown initiated...
[2024-01-15 20:06:40 INFO  SpringApplicationShutdownHook] [com.zaxxer.hikari.HikariDataSource] HikariPool-1 - Shutdown completed.
[2024-01-15 20:09:58 [32mINFO [0;39m restartedMain] [com.green.gogiro.GogiroApplication] [36mStarting GogiroApplication using Java 21.0.1 with PID 5712 (D:\java\gogiro\target\classes started by Administrator in D:\java\gogiro)[0;39m
[2024-01-15 20:09:58 [32mINFO [0;39m restartedMain] [com.green.gogiro.GogiroApplication] [36mNo active profile set, falling back to 1 default profile: "default"[0;39m
[2024-01-15 20:09:58 [32mINFO [0;39m restartedMain] [org.springframework.boot.devtools.env.DevToolsPropertyDefaultsPostProcessor] [36mDevtools property defaults active! Set 'spring.devtools.add-properties' to 'false' to disable[0;39m
[2024-01-15 20:09:58 [32mINFO [0;39m restartedMain] [org.springframework.boot.devtools.env.DevToolsPropertyDefaultsPostProcessor] [36mFor additional web related logging consider setting the 'logging.level.web' property to 'DEBUG'[0;39m
[2024-01-15 20:09:58 [32mINFO [0;39m restartedMain] [org.springframework.boot.web.embedded.tomcat.TomcatWebServer] [36mTomcat initialized with port 8080 (http)[0;39m
[2024-01-15 20:09:58 [32mINFO [0;39m restartedMain] [org.apache.coyote.http11.Http11NioProtocol] [36mInitializing ProtocolHandler ["http-nio-8080"][0;39m
[2024-01-15 20:09:58 [32mINFO [0;39m restartedMain] [org.apache.catalina.core.StandardService] [36mStarting service [Tomcat][0;39m
[2024-01-15 20:09:58 [32mINFO [0;39m restartedMain] [org.apache.catalina.core.StandardEngine] [36mStarting Servlet engine: [Apache Tomcat/10.1.17][0;39m
[2024-01-15 20:09:58 [32mINFO [0;39m restartedMain] [org.apache.catalina.core.ContainerBase.[Tomcat].[localhost].[/]] [36mInitializing Spring embedded WebApplicationContext[0;39m
[2024-01-15 20:09:58 [32mINFO [0;39m restartedMain] [org.springframework.boot.web.servlet.context.ServletWebServerApplicationContext] [36mRoot WebApplicationContext: initialization completed in 782 ms[0;39m
[2024-01-15 20:09:59 [32mINFO [0;39m restartedMain] [org.springframework.boot.devtools.autoconfigure.OptionalLiveReloadServer] [36mLiveReload server is running on port 35729[0;39m
[2024-01-15 20:09:59 [32mINFO [0;39m restartedMain] [org.apache.coyote.http11.Http11NioProtocol] [36mStarting ProtocolHandler ["http-nio-8080"][0;39m
[2024-01-15 20:09:59 [32mINFO [0;39m restartedMain] [org.springframework.boot.web.embedded.tomcat.TomcatWebServer] [36mTomcat started on port 8080 (http) with context path ''[0;39m
[2024-01-15 20:09:59 [32mINFO [0;39m restartedMain] [com.green.gogiro.GogiroApplication] [36mStarted GogiroApplication in 1.677 seconds (process running for 2.111)[0;39m
[2024-01-15 20:10:17 [32mINFO [0;39m http-nio-8080-exec-1] [org.apache.catalina.core.ContainerBase.[Tomcat].[localhost].[/]] [36mInitializing Spring DispatcherServlet 'dispatcherServlet'[0;39m
[2024-01-15 20:10:17 [32mINFO [0;39m http-nio-8080-exec-1] [org.springframework.web.servlet.DispatcherServlet] [36mInitializing Servlet 'dispatcherServlet'[0;39m
[2024-01-15 20:10:17 [32mINFO [0;39m http-nio-8080-exec-1] [org.springframework.web.servlet.DispatcherServlet] [36mCompleted initialization in 0 ms[0;39m
[2024-01-15 20:10:17 [32mINFO [0;39m http-nio-8080-exec-1] [com.zaxxer.hikari.HikariDataSource] [36mHikariPool-1 - Starting...[0;39m
[2024-01-15 20:10:18 [32mINFO [0;39m http-nio-8080-exec-1] [com.zaxxer.hikari.pool.HikariPool] [36mHikariPool-1 - Added connection org.mariadb.jdbc.Connection@27774379[0;39m
[2024-01-15 20:10:18 [32mINFO [0;39m http-nio-8080-exec-1] [com.zaxxer.hikari.HikariDataSource] [36mHikariPool-1 - Start completed.[0;39m
[2024-01-15 20:15:22 [32mINFO [0;39m File Watcher] [org.springframework.boot.devtools.autoconfigure.LocalDevToolsAutoConfiguration$RestartingClassPathChangeChangedEventListener] [36mRestarting due to 2 class path changes (0 additions, 1 deletion, 1 modification)[0;39m
[2024-01-15 20:15:22 [32mINFO [0;39m Thread-5] [org.apache.coyote.http11.Http11NioProtocol] [36mStopping ProtocolHandler ["http-nio-8080"][0;39m
[2024-01-15 20:15:22 [32mINFO [0;39m Thread-5] [com.zaxxer.hikari.HikariDataSource] [36mHikariPool-1 - Shutdown initiated...[0;39m
[2024-01-15 20:15:22 [32mINFO [0;39m Thread-5] [com.zaxxer.hikari.HikariDataSource] [36mHikariPool-1 - Shutdown completed.[0;39m
[2024-01-15 20:15:22 [32mINFO [0;39m restartedMain] [com.green.gogiro.GogiroApplication] [36mStarting GogiroApplication using Java 21.0.1 with PID 5712 (D:\java\gogiro\target\classes started by Administrator in D:\java\gogiro)[0;39m
[2024-01-15 20:15:22 [32mINFO [0;39m restartedMain] [com.green.gogiro.GogiroApplication] [36mNo active profile set, falling back to 1 default profile: "default"[0;39m
[2024-01-15 20:15:22 [32mINFO [0;39m restartedMain] [org.springframework.boot.web.embedded.tomcat.TomcatWebServer] [36mTomcat initialized with port 8080 (http)[0;39m
[2024-01-15 20:15:22 [32mINFO [0;39m restartedMain] [org.apache.coyote.http11.Http11NioProtocol] [36mInitializing ProtocolHandler ["http-nio-8080"][0;39m
[2024-01-15 20:15:22 [32mINFO [0;39m restartedMain] [org.apache.catalina.core.StandardService] [36mStarting service [Tomcat][0;39m
[2024-01-15 20:15:22 [32mINFO [0;39m restartedMain] [org.apache.catalina.core.StandardEngine] [36mStarting Servlet engine: [Apache Tomcat/10.1.17][0;39m
[2024-01-15 20:15:22 [32mINFO [0;39m restartedMain] [org.apache.catalina.core.ContainerBase.[Tomcat].[localhost].[/]] [36mInitializing Spring embedded WebApplicationContext[0;39m
[2024-01-15 20:15:22 [32mINFO [0;39m restartedMain] [org.springframework.boot.web.servlet.context.ServletWebServerApplicationContext] [36mRoot WebApplicationContext: initialization completed in 183 ms[0;39m
[2024-01-15 20:15:22 [33mWARN [0;39m restartedMain] [org.springframework.boot.web.servlet.context.AnnotationConfigServletWebServerApplicationContext] [36mException encountered during context initialization - cancelling refresh attempt: org.springframework.beans.factory.BeanCreationException: Error creating bean with name 'butcherShopController': Resolution of declared constructors on bean Class [com.green.gogiro.butchershop.ButcherShopController] from ClassLoader [org.springframework.boot.devtools.restart.classloader.RestartClassLoader@61b27a48] failed[0;39m
[2024-01-15 20:15:22 [32mINFO [0;39m restartedMain] [org.apache.catalina.core.StandardService] [36mStopping service [Tomcat][0;39m
[2024-01-15 20:15:22 [32mINFO [0;39m restartedMain] [org.springframework.boot.autoconfigure.logging.ConditionEvaluationReportLogger] [36m

Error starting ApplicationContext. To display the condition evaluation report re-run your application with 'debug' enabled.[0;39m
[2024-01-15 20:15:22 [31mERROR[0;39m restartedMain] [org.springframework.boot.SpringApplication] [36mApplication run failed[0;39m
org.springframework.beans.factory.BeanCreationException: Error creating bean with name 'butcherShopController': Resolution of declared constructors on bean Class [com.green.gogiro.butchershop.ButcherShopController] from ClassLoader [org.springframework.boot.devtools.restart.classloader.RestartClassLoader@61b27a48] failed
	at org.springframework.beans.factory.annotation.AutowiredAnnotationBeanPostProcessor.determineCandidateConstructors(AutowiredAnnotationBeanPostProcessor.java:383)
	at org.springframework.beans.factory.support.AbstractAutowireCapableBeanFactory.determineConstructorsFromBeanPostProcessors(AbstractAutowireCapableBeanFactory.java:1293)
	at org.springframework.beans.factory.support.AbstractAutowireCapableBeanFactory.createBeanInstance(AbstractAutowireCapableBeanFactory.java:1188)
	at org.springframework.beans.factory.support.AbstractAutowireCapableBeanFactory.doCreateBean(AbstractAutowireCapableBeanFactory.java:561)
	at org.springframework.beans.factory.support.AbstractAutowireCapableBeanFactory.createBean(AbstractAutowireCapableBeanFactory.java:521)
	at org.springframework.beans.factory.support.AbstractBeanFactory.lambda$doGetBean$0(AbstractBeanFactory.java:325)
	at org.springframework.beans.factory.support.DefaultSingletonBeanRegistry.getSingleton(DefaultSingletonBeanRegistry.java:234)
	at org.springframework.beans.factory.support.AbstractBeanFactory.doGetBean(AbstractBeanFactory.java:323)
	at org.springframework.beans.factory.support.AbstractBeanFactory.getBean(AbstractBeanFactory.java:199)
	at org.springframework.beans.factory.support.DefaultListableBeanFactory.preInstantiateSingletons(DefaultListableBeanFactory.java:975)
	at org.springframework.context.support.AbstractApplicationContext.finishBeanFactoryInitialization(AbstractApplicationContext.java:960)
	at org.springframework.context.support.AbstractApplicationContext.refresh(AbstractApplicationContext.java:625)
	at org.springframework.boot.web.servlet.context.ServletWebServerApplicationContext.refresh(ServletWebServerApplicationContext.java:146)
	at org.springframework.boot.SpringApplication.refresh(SpringApplication.java:762)
	at org.springframework.boot.SpringApplication.refreshContext(SpringApplication.java:464)
	at org.springframework.boot.SpringApplication.run(SpringApplication.java:334)
	at org.springframework.boot.SpringApplication.run(SpringApplication.java:1358)
	at org.springframework.boot.SpringApplication.run(SpringApplication.java:1347)
	at com.green.gogiro.GogiroApplication.main(GogiroApplication.java:10)
	at java.base/jdk.internal.reflect.DirectMethodHandleAccessor.invoke(DirectMethodHandleAccessor.java:103)
	at java.base/java.lang.reflect.Method.invoke(Method.java:580)
	at org.springframework.boot.devtools.restart.RestartLauncher.run(RestartLauncher.java:50)
Caused by: java.lang.NoClassDefFoundError: com/green/gogiro/butchershop/ButcherShopService
	at java.base/java.lang.Class.getDeclaredConstructors0(Native Method)
	at java.base/java.lang.Class.privateGetDeclaredConstructors(Class.java:3549)
	at java.base/java.lang.Class.getDeclaredConstructors(Class.java:2727)
	at org.springframework.beans.factory.annotation.AutowiredAnnotationBeanPostProcessor.determineCandidateConstructors(AutowiredAnnotationBeanPostProcessor.java:378)
	... 21 common frames omitted
Caused by: java.lang.ClassNotFoundException: com.green.gogiro.butchershop.ButcherShopService
	at java.base/jdk.internal.loader.BuiltinClassLoader.loadClass(BuiltinClassLoader.java:641)
	at java.base/jdk.internal.loader.ClassLoaders$AppClassLoader.loadClass(ClassLoaders.java:188)
	at java.base/java.lang.ClassLoader.loadClass(ClassLoader.java:526)
	at java.base/java.lang.Class.forName0(Native Method)
	at java.base/java.lang.Class.forName(Class.java:534)
	at java.base/java.lang.Class.forName(Class.java:513)
	at org.springframework.boot.devtools.restart.classloader.RestartClassLoader.loadClass(RestartClassLoader.java:121)
	at java.base/java.lang.ClassLoader.loadClass(ClassLoader.java:526)
	... 25 common frames omitted
[2024-01-15 20:37:48 INFO  main] [com.green.gogiro.butchershop.ButcherShopMapperTest] Starting ButcherShopMapperTest using Java 21.0.1 with PID 5288 (started by Administrator in D:\java\gogiro)
[2024-01-15 20:37:48 INFO  main] [com.green.gogiro.butchershop.ButcherShopMapperTest] No active profile set, falling back to 1 default profile: "default"
[2024-01-15 20:37:48 INFO  main] [com.green.gogiro.butchershop.ButcherShopMapperTest] Started ButcherShopMapperTest in 0.904 seconds (process running for 1.573)
[2024-01-15 20:37:48 INFO  main] [com.zaxxer.hikari.HikariDataSource] HikariPool-1 - Starting...
[2024-01-15 20:37:48 INFO  main] [com.zaxxer.hikari.pool.HikariPool] HikariPool-1 - Added connection org.mariadb.jdbc.Connection@7d42542
[2024-01-15 20:37:48 INFO  main] [com.zaxxer.hikari.HikariDataSource] HikariPool-1 - Start completed.
[2024-01-15 20:37:49 INFO  SpringApplicationShutdownHook] [com.zaxxer.hikari.HikariDataSource] HikariPool-1 - Shutdown initiated...
[2024-01-15 20:37:49 INFO  SpringApplicationShutdownHook] [com.zaxxer.hikari.HikariDataSource] HikariPool-1 - Shutdown completed.
[2024-01-15 20:39:05 INFO  main] [com.green.gogiro.butchershop.ButcherShopMapperTest] Starting ButcherShopMapperTest using Java 21.0.1 with PID 7468 (started by Administrator in D:\java\gogiro)
[2024-01-15 20:39:05 INFO  main] [com.green.gogiro.butchershop.ButcherShopMapperTest] No active profile set, falling back to 1 default profile: "default"
[2024-01-15 20:39:06 INFO  main] [com.green.gogiro.butchershop.ButcherShopMapperTest] Started ButcherShopMapperTest in 0.895 seconds (process running for 1.543)
[2024-01-15 20:39:06 INFO  main] [com.zaxxer.hikari.HikariDataSource] HikariPool-1 - Starting...
[2024-01-15 20:39:06 INFO  main] [com.zaxxer.hikari.pool.HikariPool] HikariPool-1 - Added connection org.mariadb.jdbc.Connection@2a8a3ada
[2024-01-15 20:39:06 INFO  main] [com.zaxxer.hikari.HikariDataSource] HikariPool-1 - Start completed.
[2024-01-15 20:39:06 INFO  SpringApplicationShutdownHook] [com.zaxxer.hikari.HikariDataSource] HikariPool-1 - Shutdown initiated...
[2024-01-15 20:39:06 INFO  SpringApplicationShutdownHook] [com.zaxxer.hikari.HikariDataSource] HikariPool-1 - Shutdown completed.
[2024-01-15 20:40:41 INFO  main] [com.green.gogiro.butchershop.ButcherShopMapperTest] Starting ButcherShopMapperTest using Java 21.0.1 with PID 7912 (started by Administrator in D:\java\gogiro)
[2024-01-15 20:40:41 INFO  main] [com.green.gogiro.butchershop.ButcherShopMapperTest] No active profile set, falling back to 1 default profile: "default"
[2024-01-15 20:40:42 INFO  main] [com.green.gogiro.butchershop.ButcherShopMapperTest] Started ButcherShopMapperTest in 0.912 seconds (process running for 1.574)
[2024-01-15 20:40:42 INFO  main] [com.zaxxer.hikari.HikariDataSource] HikariPool-1 - Starting...
[2024-01-15 20:40:42 INFO  main] [com.zaxxer.hikari.pool.HikariPool] HikariPool-1 - Added connection org.mariadb.jdbc.Connection@56b8aaf1
[2024-01-15 20:40:42 INFO  main] [com.zaxxer.hikari.HikariDataSource] HikariPool-1 - Start completed.
[2024-01-15 20:40:43 INFO  SpringApplicationShutdownHook] [com.zaxxer.hikari.HikariDataSource] HikariPool-1 - Shutdown initiated...
[2024-01-15 20:40:43 INFO  SpringApplicationShutdownHook] [com.zaxxer.hikari.HikariDataSource] HikariPool-1 - Shutdown completed.
[2024-01-15 20:43:43 INFO  main] [com.green.gogiro.butchershop.ButcherShopMapperTest] Starting ButcherShopMapperTest using Java 21.0.1 with PID 3152 (started by Administrator in D:\java\gogiro)
[2024-01-15 20:43:43 INFO  main] [com.green.gogiro.butchershop.ButcherShopMapperTest] No active profile set, falling back to 1 default profile: "default"
[2024-01-15 20:43:44 INFO  main] [com.green.gogiro.butchershop.ButcherShopMapperTest] Started ButcherShopMapperTest in 0.881 seconds (process running for 1.536)
[2024-01-15 20:43:44 INFO  main] [com.zaxxer.hikari.HikariDataSource] HikariPool-1 - Starting...
[2024-01-15 20:43:44 INFO  main] [com.zaxxer.hikari.pool.HikariPool] HikariPool-1 - Added connection org.mariadb.jdbc.Connection@83bb0f
[2024-01-15 20:43:44 INFO  main] [com.zaxxer.hikari.HikariDataSource] HikariPool-1 - Start completed.
[2024-01-15 20:43:44 INFO  SpringApplicationShutdownHook] [com.zaxxer.hikari.HikariDataSource] HikariPool-1 - Shutdown initiated...
[2024-01-15 20:43:44 INFO  SpringApplicationShutdownHook] [com.zaxxer.hikari.HikariDataSource] HikariPool-1 - Shutdown completed.
